http: 2019/10/12 19:52:30 Server is starting...
http: 2019/10/12 19:52:30 Server is ready to handle requests at ":5000"
http: 2019/10/12 19:52:31 bxnzhe8vk1ax GET / [::1]:41230 Mozilla/5.0 (X11; Linux x86_64; rv:69.0) Gecko/20100101 Firefox/69.0 126.025µs
http: 2019/10/12 19:52:33 bxnzhezv9mr4 GET /training/introduction [::1]:41230 Mozilla/5.0 (X11; Linux x86_64; rv:69.0) Gecko/20100101 Firefox/69.0 339.022µs
http: 2019/10/12 19:52:43 bxnzhjk0mxur GET / [::1]:41238 Mozilla/5.0 (X11; Linux x86_64; rv:69.0) Gecko/20100101 Firefox/69.0 151.853µs
http: 2019/10/12 19:52:43 bxnzhjqz5c0u GET /favicon.ico [::1]:41238 Mozilla/5.0 (X11; Linux x86_64; rv:69.0) Gecko/20100101 Firefox/69.0 14.697µs
http: 2019/10/12 19:52:45 bxnzhkar27mh GET /scenario/introduction [::1]:41238 Mozilla/5.0 (X11; Linux x86_64; rv:69.0) Gecko/20100101 Firefox/69.0 194.372µs
http: 2019/10/12 19:52:45 bxnzhkb6tms0 GET /static/css/main.css [::1]:41238 Mozilla/5.0 (X11; Linux x86_64; rv:69.0) Gecko/20100101 Firefox/69.0 2.791609ms
http: 2019/10/12 19:52:45 bxnzhkb8mj1k GET /static/images/logo.png [::1]:41238 Mozilla/5.0 (X11; Linux x86_64; rv:69.0) Gecko/20100101 Firefox/69.0 74.679µs
http: 2019/10/12 19:52:45 bxnzhkmmew2d GET /scenario/machines [::1]:41238 Mozilla/5.0 (X11; Linux x86_64; rv:69.0) Gecko/20100101 Firefox/69.0 231.292µs
http: 2019/10/12 19:52:48 bxnzhlpeuznq GET / [::1]:41238 Mozilla/5.0 (X11; Linux x86_64; rv:69.0) Gecko/20100101 Firefox/69.0 85.359µs
http: 2019/10/12 19:52:48 bxnzhm12eszq GET /training/introduction [::1]:41238 Mozilla/5.0 (X11; Linux x86_64; rv:69.0) Gecko/20100101 Firefox/69.0 92.733µs
http: 2019/10/12 19:52:48 bxnzhm1dwzd2 GET /static/js/flag-form.js [::1]:41238 Mozilla/5.0 (X11; Linux x86_64; rv:69.0) Gecko/20100101 Firefox/69.0 140.492µs
http: 2019/10/12 19:52:50 bxnzhmlaskx6 GET /training/linux-basics-1 [::1]:41238 Mozilla/5.0 (X11; Linux x86_64; rv:69.0) Gecko/20100101 Firefox/69.0 152.264µs
http: 2019/10/12 19:52:51 bxnzhnhzltuu POST /training/linux-basics-1 [::1]:41238 Mozilla/5.0 (X11; Linux x86_64; rv:69.0) Gecko/20100101 Firefox/69.0 79.137µs
http: 2019/10/12 19:52:53 bxnzhobtdval GET /training/linux-basics-2 [::1]:41238 Mozilla/5.0 (X11; Linux x86_64; rv:69.0) Gecko/20100101 Firefox/69.0 206.536µs
http: 2019/10/12 19:52:56 bxnzhpf9ovy1 POST /training/linux-basics-2 [::1]:41238 Mozilla/5.0 (X11; Linux x86_64; rv:69.0) Gecko/20100101 Firefox/69.0 70.762µs
http: 2019/10/12 19:52:56 bxnzhpm0lbbo POST /training/linux-basics-2 [::1]:41238 Mozilla/5.0 (X11; Linux x86_64; rv:69.0) Gecko/20100101 Firefox/69.0 60.924µs
http: 2019/10/12 19:52:58 bxnzhqcxlkov POST /training/linux-basics-2 [::1]:41238 Mozilla/5.0 (X11; Linux x86_64; rv:69.0) Gecko/20100101 Firefox/69.0 54.582µs
http: 2019/10/12 19:53:00 bxnzhrlupqxr POST /training/linux-basics-2 [::1]:41238 Mozilla/5.0 (X11; Linux x86_64; rv:69.0) Gecko/20100101 Firefox/69.0 79.358µs
http: 2019/10/12 19:53:02 bxnzhsgyrwti POST /training/linux-basics-2 [::1]:41238 Mozilla/5.0 (X11; Linux x86_64; rv:69.0) Gecko/20100101 Firefox/69.0 67.587µs
http: 2019/10/12 19:53:06 bxnzhu44twkn GET /training/introduction [::1]:41238 Mozilla/5.0 (X11; Linux x86_64; rv:69.0) Gecko/20100101 Firefox/69.0 59.672µs
http: 2019/10/12 19:53:07 bxnzhusvhg4r GET /training/linux-basics-2 [::1]:41238 Mozilla/5.0 (X11; Linux x86_64; rv:69.0) Gecko/20100101 Firefox/69.0 99.064µs
http: 2019/10/12 19:53:08 bxnzhv8wie9z GET /training/introduction [::1]:41238 Mozilla/5.0 (X11; Linux x86_64; rv:69.0) Gecko/20100101 Firefox/69.0 99.917µs
http: 2019/10/12 19:53:09 bxnzhvgbucof GET / [::1]:41238 Mozilla/5.0 (X11; Linux x86_64; rv:69.0) Gecko/20100101 Firefox/69.0 70.742µs
http: 2019/10/12 19:53:14 Server is shutting down...
http: 2019/10/12 19:53:14 Server stopped
